2023-06-24 14:55:38
HTTPServer start! -- /home/zwl/projects/cpp/projects_cpp/a-high-concurrency-webserver-in-linux/WebServer/MyWebServer/src/server/HTTPServer.cpp:45
2023-06-24 14:57:53
New connection from 10.50.1.218:35228 -- /home/zwl/projects/cpp/projects_cpp/a-high-concurrency-webserver-in-linux/WebServer/MyWebServer/src/server/HTTPServer.cpp:66
2023-06-24 14:57:53
create a httpConnection -- /home/zwl/projects/cpp/projects_cpp/a-high-concurrency-webserver-in-linux/WebServer/MyWebServer/src/connection/httpConnection.cpp:75
2023-06-24 14:57:56
read data -- /home/zwl/projects/cpp/projects_cpp/a-high-concurrency-webserver-in-linux/WebServer/MyWebServer/src/connection/httpConnection.cpp:102
2023-06-24 14:57:56
inBuffer_: fsdfsf
 -- /home/zwl/projects/cpp/projects_cpp/a-high-concurrency-webserver-in-linux/WebServer/MyWebServer/src/connection/httpConnection.cpp:116
2023-06-24 14:57:57
read data -- /home/zwl/projects/cpp/projects_cpp/a-high-concurrency-webserver-in-linux/WebServer/MyWebServer/src/connection/httpConnection.cpp:102
2023-06-24 14:57:57
inBuffer_: fsdfsf
fsdfsdfsdf
 -- /home/zwl/projects/cpp/projects_cpp/a-high-concurrency-webserver-in-linux/WebServer/MyWebServer/src/connection/httpConnection.cpp:116
2023-06-24 14:57:57
read data -- /home/zwl/projects/cpp/projects_cpp/a-high-concurrency-webserver-in-linux/WebServer/MyWebServer/src/connection/httpConnection.cpp:102
2023-06-24 14:57:57
inBuffer_: fsdfsf
fsdfsdfsdf
sfd
 -- /home/zwl/projects/cpp/projects_cpp/a-high-concurrency-webserver-in-linux/WebServer/MyWebServer/src/connection/httpConnection.cpp:116
2023-06-24 14:57:57
read data -- /home/zwl/projects/cpp/projects_cpp/a-high-concurrency-webserver-in-linux/WebServer/MyWebServer/src/connection/httpConnection.cpp:102
2023-06-24 14:57:57
inBuffer_: fsdfsf
fsdfsdfsdf
sfd
f
 -- /home/zwl/projects/cpp/projects_cpp/a-high-concurrency-webserver-in-linux/WebServer/MyWebServer/src/connection/httpConnection.cpp:116
2023-06-24 15:00:34
New connection from 127.0.0.1:55338 -- /home/zwl/projects/cpp/projects_cpp/a-high-concurrency-webserver-in-linux/WebServer/MyWebServer/src/server/HTTPServer.cpp:66
2023-06-24 15:00:34
create a httpConnection -- /home/zwl/projects/cpp/projects_cpp/a-high-concurrency-webserver-in-linux/WebServer/MyWebServer/src/connection/httpConnection.cpp:75
2023-06-24 15:00:34
read data -- /home/zwl/projects/cpp/projects_cpp/a-high-concurrency-webserver-in-linux/WebServer/MyWebServer/src/connection/httpConnection.cpp:102
2023-06-24 15:00:34
inBuffer_: GET / HTTP/1.1
Host: 127.0.0.1:12138
User-Agent: Mozilla/5.0 (X11; Ubuntu; Linux x86_64; rv:98.0) Gecko/20100101 Firefox/98.0
Accept: text/html,application/xhtml+xml,application/xml;q=0.9,image/avif,image/webp,*/*;q=0.8
Accept-Language: zh-CN,zh;q=0.8,zh-TW;q=0.7,zh-HK;q=0.5,en-US;q=0.3,en;q=0.2
Accept-Encoding: gzip, deflate
Connection: keep-alive
Upgrade-Insecure-Requests: 1
Sec-Fetch-Dest: document
Sec-Fetch-Mode: navigate
Sec-Fetch-Site: none
Sec-Fetch-User: ?1

 -- /home/zwl/projects/cpp/projects_cpp/a-high-concurrency-webserver-in-linux/WebServer/MyWebServer/src/connection/httpConnection.cpp:116
2023-06-24 15:00:34
Cache miss! -- /home/zwl/projects/cpp/projects_cpp/a-high-concurrency-webserver-in-linux/WebServer/MyWebServer/src/connection/httpConnection.cpp:277
2023-06-24 15:00:34
connection closed -- /home/zwl/projects/cpp/projects_cpp/a-high-concurrency-webserver-in-linux/WebServer/MyWebServer/src/server/HTTPServer.cpp:107
2023-06-24 15:00:34
close fd 12 -- /home/zwl/projects/cpp/projects_cpp/a-high-concurrency-webserver-in-linux/WebServer/MyWebServer/src/reactor/Channel.cpp:24
2023-06-24 15:00:34
New connection from 127.0.0.1:55340 -- /home/zwl/projects/cpp/projects_cpp/a-high-concurrency-webserver-in-linux/WebServer/MyWebServer/src/server/HTTPServer.cpp:66
2023-06-24 15:00:34
create a httpConnection -- /home/zwl/projects/cpp/projects_cpp/a-high-concurrency-webserver-in-linux/WebServer/MyWebServer/src/connection/httpConnection.cpp:75
2023-06-24 15:00:34
read data -- /home/zwl/projects/cpp/projects_cpp/a-high-concurrency-webserver-in-linux/WebServer/MyWebServer/src/connection/httpConnection.cpp:102
2023-06-24 15:00:34
inBuffer_: GET /favicon.ico HTTP/1.1
Host: 127.0.0.1:12138
User-Agent: Mozilla/5.0 (X11; Ubuntu; Linux x86_64; rv:98.0) Gecko/20100101 Firefox/98.0
Accept: image/avif,image/webp,*/*
Accept-Language: zh-CN,zh;q=0.8,zh-TW;q=0.7,zh-HK;q=0.5,en-US;q=0.3,en;q=0.2
Accept-Encoding: gzip, deflate
Connection: keep-alive
Referer: http://127.0.0.1:12138/
Sec-Fetch-Dest: image
Sec-Fetch-Mode: no-cors
Sec-Fetch-Site: same-origin

 -- /home/zwl/projects/cpp/projects_cpp/a-high-concurrency-webserver-in-linux/WebServer/MyWebServer/src/connection/httpConnection.cpp:116
2023-06-24 15:00:34
Cache miss! -- /home/zwl/projects/cpp/projects_cpp/a-high-concurrency-webserver-in-linux/WebServer/MyWebServer/src/connection/httpConnection.cpp:277
2023-06-24 15:00:34
connection closed -- /home/zwl/projects/cpp/projects_cpp/a-high-concurrency-webserver-in-linux/WebServer/MyWebServer/src/server/HTTPServer.cpp:107
2023-06-24 15:00:34
close fd 12 -- /home/zwl/projects/cpp/projects_cpp/a-high-concurrency-webserver-in-linux/WebServer/MyWebServer/src/reactor/Channel.cpp:24
2023-06-24 15:02:36
HTTPServer start! -- /home/zwl/projects/cpp/projects_cpp/a-high-concurrency-webserver-in-linux/WebServer/MyWebServer/src/server/HTTPServer.cpp:45
2023-06-24 15:05:21
New connection from 127.0.0.1:55432 -- /home/zwl/projects/cpp/projects_cpp/a-high-concurrency-webserver-in-linux/WebServer/MyWebServer/src/server/HTTPServer.cpp:66
2023-06-24 15:05:21
create a httpConnection -- /home/zwl/projects/cpp/projects_cpp/a-high-concurrency-webserver-in-linux/WebServer/MyWebServer/src/connection/httpConnection.cpp:75
2023-06-24 15:05:21
read data -- /home/zwl/projects/cpp/projects_cpp/a-high-concurrency-webserver-in-linux/WebServer/MyWebServer/src/connection/httpConnection.cpp:102
2023-06-24 15:05:21
inBuffer_: GET / HTTP/1.1
Host: 127.0.0.1:12138
User-Agent: Mozilla/5.0 (X11; Ubuntu; Linux x86_64; rv:98.0) Gecko/20100101 Firefox/98.0
Accept: text/html,application/xhtml+xml,application/xml;q=0.9,image/avif,image/webp,*/*;q=0.8
Accept-Language: zh-CN,zh;q=0.8,zh-TW;q=0.7,zh-HK;q=0.5,en-US;q=0.3,en;q=0.2
Accept-Encoding: gzip, deflate
DNT: 1
Connection: keep-alive
Upgrade-Insecure-Requests: 1
Sec-Fetch-Dest: document
Sec-Fetch-Mode: navigate
Sec-Fetch-Site: cross-site
Pragma: no-cache
Cache-Control: no-cache

 -- /home/zwl/projects/cpp/projects_cpp/a-high-concurrency-webserver-in-linux/WebServer/MyWebServer/src/connection/httpConnection.cpp:116
2023-06-24 15:05:21
Cache miss! -- /home/zwl/projects/cpp/projects_cpp/a-high-concurrency-webserver-in-linux/WebServer/MyWebServer/src/connection/httpConnection.cpp:277
2023-06-24 15:05:21
connection closed -- /home/zwl/projects/cpp/projects_cpp/a-high-concurrency-webserver-in-linux/WebServer/MyWebServer/src/server/HTTPServer.cpp:107
2023-06-24 15:05:21
close fd 11 -- /home/zwl/projects/cpp/projects_cpp/a-high-concurrency-webserver-in-linux/WebServer/MyWebServer/src/reactor/Channel.cpp:24
2023-06-24 15:06:31
HTTPServer start! -- /home/zwl/projects/cpp/projects_cpp/a-high-concurrency-webserver-in-linux/WebServer/MyWebServer/src/server/HTTPServer.cpp:45
2023-06-24 15:23:07
open file userInfoFile failed -- /home/zwl/projects/cpp/projects_cpp/a-high-concurrency-webserver-in-linux/WebServer/MyWebServer/src/manager/userManager.cc:14
